Apps/Customer/New Owners/build/app/intermediates/manifest_merge_blame_file/release/manifest-merger-blame-release-report.txt
1<?xml version="1.0" encoding="utf-8"?>
2<manifest xmlns:android="http://schemas.android.com/apk/res/android"
3    package="com.delivery.mall"
4    android:versionCode="4036"
5    android:versionName="1.5.6" >
6
7    <uses-sdk
8        android:minSdkVersion="23"
8-->src/main/AndroidManifest.xml
9        android:targetSdkVersion="30" />
9-->src/main/AndroidManifest.xml
10
11    <queries>
11-->src/main/AndroidManifest.xml:12:5-25:15
12        <intent>
12-->src/main/AndroidManifest.xml:13:9-16:18
13            <action android:name="android.intent.action.VIEW" />
13-->src/main/AndroidManifest.xml:14:13-65
13-->src/main/AndroidManifest.xml:14:21-62
14
15            <data android:scheme="https" />
15-->src/main/AndroidManifest.xml:15:13-44
15-->src/main/AndroidManifest.xml:15:19-41
16        </intent>
17        <intent>
17-->src/main/AndroidManifest.xml:17:9-20:18
18            <action android:name="android.intent.action.DIAL" />
18-->src/main/AndroidManifest.xml:18:13-65
18-->src/main/AndroidManifest.xml:18:21-62
19
20            <data android:scheme="tel" />
20-->src/main/AndroidManifest.xml:15:13-44
20-->src/main/AndroidManifest.xml:15:19-41
21        </intent>
22        <intent>
22-->src/main/AndroidManifest.xml:21:9-24:18
23            <action android:name="android.intent.action.SEND" />
23-->src/main/AndroidManifest.xml:22:13-65
23-->src/main/AndroidManifest.xml:22:21-62
24
25            <data android:mimeType="*/*" />
25-->src/main/AndroidManifest.xml:15:13-44
25-->src/main/AndroidManifest.xml:23:19-41
26        </intent>
27        <intent>
27-->[:flutter_inappwebview] AndroidManifest.xml:8:9-10:18
28            <action android:name="android.support.customtabs.action.CustomTabsService" />
28-->[:flutter_inappwebview] AndroidManifest.xml:9:13-90
28-->[:flutter_inappwebview] AndroidManifest.xml:9:21-87
29        </intent>
30
31        <package android:name="com.google.android.apps.maps" />
31-->[:map_launcher] AndroidManifest.xml:8:9-64
31-->[:map_launcher] AndroidManifest.xml:8:18-61
32        <package android:name="com.google.android.apps.mapslite" />
32-->[:map_launcher] AndroidManifest.xml:9:9-68
32-->[:map_launcher] AndroidManifest.xml:9:18-65
33        <package android:name="com.autonavi.minimap" />
33-->[:map_launcher] AndroidManifest.xml:10:9-56
33-->[:map_launcher] AndroidManifest.xml:10:18-53
34        <package android:name="com.baidu.BaiduMap" />
34-->[:map_launcher] AndroidManifest.xml:11:9-54
34-->[:map_launcher] AndroidManifest.xml:11:18-51
35        <package android:name="com.waze" />
35-->[:map_launcher] AndroidManifest.xml:12:9-44
35-->[:map_launcher] AndroidManifest.xml:12:18-41
36        <package android:name="ru.yandex.yandexnavi" />
36-->[:map_launcher] AndroidManifest.xml:13:9-56
36-->[:map_launcher] AndroidManifest.xml:13:18-53
37        <package android:name="ru.yandex.yandexmaps" />
37-->[:map_launcher] AndroidManifest.xml:14:9-56
37-->[:map_launcher] AndroidManifest.xml:14:18-53
38        <package android:name="com.citymapper.app.release" />
38-->[:map_launcher] AndroidManifest.xml:15:9-62
38-->[:map_launcher] AndroidManifest.xml:15:18-59
39        <package android:name="com.mapswithme.maps.pro" />
39-->[:map_launcher] AndroidManifest.xml:16:9-59
39-->[:map_launcher] AndroidManifest.xml:16:18-56
40        <package android:name="net.osmand" />
40-->[:map_launcher] AndroidManifest.xml:17:9-46
40-->[:map_launcher] AndroidManifest.xml:17:18-43
41        <package android:name="ru.dublgis.dgismobile" />
41-->[:map_launcher] AndroidManifest.xml:18:9-57
41-->[:map_launcher] AndroidManifest.xml:18:18-54
42        <package android:name="com.tencent.map" />
42-->[:map_launcher] AndroidManifest.xml:19:9-51
42-->[:map_launcher] AndroidManifest.xml:19:18-48
43    </queries>
44
45    <uses-permission android:name="android.permission.INTERNET" />
45-->[:firebase_messaging] AndroidManifest.xml:7:5-67
45-->[:firebase_messaging] AndroidManifest.xml:7:22-64
46    <uses-permission android:name="android.permission.WAKE_LOCK" />
46-->[:firebase_messaging] AndroidManifest.xml:8:5-68
46-->[:firebase_messaging] AndroidManifest.xml:8:22-65
47    <uses-permission android:name="android.permission.ACCESS_NETWORK_STATE" />
47-->[:firebase_messaging] AndroidManifest.xml:9:5-79
47-->[:firebase_messaging] AndroidManifest.xml:9:22-76
48    <uses-permission android:name="android.permission.FOREGROUND_SERVICE" />
48-->[:geolocator_android] AndroidManifest.xml:7:5-77
48-->[:geolocator_android] AndroidManifest.xml:7:22-74
49    <uses-permission android:name="android.permission.READ_EXTERNAL_STORAGE" />
49-->[:photo_manager] AndroidManifest.xml:7:5-80
49-->[:photo_manager] AndroidManifest.xml:7:22-77
50    <uses-permission android:name="android.permission.RECEIVE_BOOT_COMPLETED" />
50-->[:awesome_notifications] AndroidManifest.xml:7:5-81
50-->[:awesome_notifications] AndroidManifest.xml:7:22-78
51    <uses-permission android:name="android.permission.VIBRATE" />
51-->[:awesome_notifications] AndroidManifest.xml:8:5-66
51-->[:awesome_notifications] AndroidManifest.xml:8:22-63
52    <uses-permission android:name="android.permission.ACCESS_COARSE_LOCATION" />
52-->[:location] AndroidManifest.xml:7:5-81
52-->[:location] AndroidManifest.xml:7:22-78
53    <uses-permission android:name="android.permission.ACCESS_FINE_LOCATION" /> <!-- Required by older versions of Google Play services to create IID tokens -->
53-->[:location] AndroidManifest.xml:8:5-79
53-->[:location] AndroidManifest.xml:8:22-76
54    <uses-permission android:name="com.google.android.c2dm.permission.RECEIVE" />
54-->[com.google.firebase:firebase-messaging:23.0.0] AndroidManifest.xml:25:5-82
54-->[com.google.firebase:firebase-messaging:23.0.0] AndroidManifest.xml:25:22-79
55
56    <uses-feature
56-->[com.google.android.gms:play-services-maps:17.0.0] AndroidManifest.xml:26:5-28:35
57        android:glEsVersion="0x00020000"
57-->[com.google.android.gms:play-services-maps:17.0.0] AndroidManifest.xml:27:9-41
58        android:required="true" />
58-->[com.google.android.gms:play-services-maps:17.0.0] AndroidManifest.xml:28:9-32
59
60    <uses-permission android:name="android.permission.CAMERA" /> <!-- Don't require camera, as this requires a rear camera. This allows it to work on the Nexus 7 -->
60-->[com.journeyapps:zxing-android-embedded:4.1.0] AndroidManifest.xml:22:5-65
60-->[com.journeyapps:zxing-android-embedded:4.1.0] AndroidManifest.xml:22:22-62
61    <uses-feature
61-->[com.journeyapps:zxing-android-embedded:4.1.0] AndroidManifest.xml:25:5-27:36
62        android:name="android.hardware.camera"
62-->[com.journeyapps:zxing-android-embedded:4.1.0] AndroidManifest.xml:26:9-47
63        android:required="false" />
63-->[com.journeyapps:zxing-android-embedded:4.1.0] AndroidManifest.xml:27:9-33
64    <uses-feature
64-->[com.journeyapps:zxing-android-embedded:4.1.0] AndroidManifest.xml:28:5-30:36
65        android:name="android.hardware.camera.front"
65-->[com.journeyapps:zxing-android-embedded:4.1.0] AndroidManifest.xml:29:9-53
66        android:required="false" /> <!-- TODO replace above two with next line after Android 4.2 -->
66-->[com.journeyapps:zxing-android-embedded:4.1.0] AndroidManifest.xml:30:9-33
67    <!-- <uses-feature android:name="android.hardware.camera.any"/> -->
68    <uses-feature
68-->[com.journeyapps:zxing-android-embedded:4.1.0] AndroidManifest.xml:33:5-35:36
69        android:name="android.hardware.camera.autofocus"
69-->[com.journeyapps:zxing-android-embedded:4.1.0] AndroidManifest.xml:34:9-57
70        android:required="false" />
70-->[com.journeyapps:zxing-android-embedded:4.1.0] AndroidManifest.xml:35:9-33
71    <uses-feature
71-->[com.journeyapps:zxing-android-embedded:4.1.0] AndroidManifest.xml:36:5-38:36
72        android:name="android.hardware.camera.flash"
72-->[com.journeyapps:zxing-android-embedded:4.1.0] AndroidManifest.xml:37:9-53
73        android:required="false" />
73-->[com.journeyapps:zxing-android-embedded:4.1.0] AndroidManifest.xml:38:9-33
74    <uses-feature
74-->[com.journeyapps:zxing-android-embedded:4.1.0] AndroidManifest.xml:39:5-41:36
75        android:name="android.hardware.screen.landscape"
75-->[com.journeyapps:zxing-android-embedded:4.1.0] AndroidManifest.xml:40:9-57
76        android:required="false" />
76-->[com.journeyapps:zxing-android-embedded:4.1.0] AndroidManifest.xml:41:9-33
77    <uses-feature
77-->[com.journeyapps:zxing-android-embedded:4.1.0] AndroidManifest.xml:42:5-44:36
78        android:name="android.hardware.wifi"
78-->[com.journeyapps:zxing-android-embedded:4.1.0] AndroidManifest.xml:43:9-45
79        android:required="false" /> <!-- for android -->
79-->[com.journeyapps:zxing-android-embedded:4.1.0] AndroidManifest.xml:44:9-33
80    <!-- <uses-permission android:name="com.android.launcher.permission.READ_SETTINGS"/> -->
81    <!-- <uses-permission android:name="com.android.launcher.permission.WRITE_SETTINGS"/> -->
82    <!-- <uses-permission android:name="com.android.launcher.permission.INSTALL_SHORTCUT" /> -->
83    <!-- <uses-permission android:name="com.android.launcher.permission.UNINSTALL_SHORTCUT" /> -->
84    <!-- for Samsung -->
85    <uses-permission android:name="com.sec.android.provider.badge.permission.READ" />
85-->[me.leolin:ShortcutBadger:1.1.22] AndroidManifest.xml:19:5-86
85-->[me.leolin:ShortcutBadger:1.1.22] AndroidManifest.xml:19:22-83
86    <uses-permission android:name="com.sec.android.provider.badge.permission.WRITE" /> <!-- for htc -->
86-->[me.leolin:ShortcutBadger:1.1.22] AndroidManifest.xml:20:5-87
86-->[me.leolin:ShortcutBadger:1.1.22] AndroidManifest.xml:20:22-84
87    <uses-permission android:name="com.htc.launcher.permission.READ_SETTINGS" />
87-->[me.leolin:ShortcutBadger:1.1.22] AndroidManifest.xml:23:5-81
87-->[me.leolin:ShortcutBadger:1.1.22] AndroidManifest.xml:23:22-78
88    <uses-permission android:name="com.htc.launcher.permission.UPDATE_SHORTCUT" /> <!-- for sony -->
88-->[me.leolin:ShortcutBadger:1.1.22] AndroidManifest.xml:24:5-83
88-->[me.leolin:ShortcutBadger:1.1.22] AndroidManifest.xml:24:22-80
89    <uses-permission android:name="com.sonyericsson.home.permission.BROADCAST_BADGE" />
89-->[me.leolin:ShortcutBadger:1.1.22] AndroidManifest.xml:27:5-88
89-->[me.leolin:ShortcutBadger:1.1.22] AndroidManifest.xml:27:22-85
90    <uses-permission android:name="com.sonymobile.home.permission.PROVIDER_INSERT_BADGE" /> <!-- for apex -->
90-->[me.leolin:ShortcutBadger:1.1.22] AndroidManifest.xml:28:5-92
90-->[me.leolin:ShortcutBadger:1.1.22] AndroidManifest.xml:28:22-89
91    <uses-permission android:name="com.anddoes.launcher.permission.UPDATE_COUNT" /> <!-- for solid -->
91-->[me.leolin:ShortcutBadger:1.1.22] AndroidManifest.xml:31:5-84
91-->[me.leolin:ShortcutBadger:1.1.22] AndroidManifest.xml:31:22-81
92    <uses-permission android:name="com.majeur.launcher.permission.UPDATE_BADGE" /> <!-- for huawei -->
92-->[me.leolin:ShortcutBadger:1.1.22] AndroidManifest.xml:34:5-83
92-->[me.leolin:ShortcutBadger:1.1.22] AndroidManifest.xml:34:22-80
93    <uses-permission android:name="com.huawei.android.launcher.permission.CHANGE_BADGE" />
93-->[me.leolin:ShortcutBadger:1.1.22] AndroidManifest.xml:37:5-91
93-->[me.leolin:ShortcutBadger:1.1.22] AndroidManifest.xml:37:22-88
94    <uses-permission android:name="com.huawei.android.launcher.permission.READ_SETTINGS" />
94-->[me.leolin:ShortcutBadger:1.1.22] AndroidManifest.xml:38:5-92
94-->[me.leolin:ShortcutBadger:1.1.22] AndroidManifest.xml:38:22-89
95    <uses-permission android:name="com.huawei.android.launcher.permission.WRITE_SETTINGS" /> <!-- for ZUK -->
95-->[me.leolin:ShortcutBadger:1.1.22] AndroidManifest.xml:39:5-93
95-->[me.leolin:ShortcutBadger:1.1.22] AndroidManifest.xml:39:22-90
96    <uses-permission android:name="android.permission.READ_APP_BADGE" /> <!-- for OPPO -->
96-->[me.leolin:ShortcutBadger:1.1.22] AndroidManifest.xml:42:5-73
96-->[me.leolin:ShortcutBadger:1.1.22] AndroidManifest.xml:42:22-70
97    <uses-permission android:name="com.oppo.launcher.permission.READ_SETTINGS" />
97-->[me.leolin:ShortcutBadger:1.1.22] AndroidManifest.xml:45:5-82
97-->[me.leolin:ShortcutBadger:1.1.22] AndroidManifest.xml:45:22-79
98    <uses-permission android:name="com.oppo.launcher.permission.WRITE_SETTINGS" /> <!-- for EvMe -->
98-->[me.leolin:ShortcutBadger:1.1.22] AndroidManifest.xml:46:5-83
98-->[me.leolin:ShortcutBadger:1.1.22] AndroidManifest.xml:46:22-80
99    <uses-permission android:name="me.everything.badger.permission.BADGE_COUNT_READ" />
99-->[me.leolin:ShortcutBadger:1.1.22] AndroidManifest.xml:49:5-88
99-->[me.leolin:ShortcutBadger:1.1.22] AndroidManifest.xml:49:22-85
100    <uses-permission android:name="me.everything.badger.permission.BADGE_COUNT_WRITE" />
100-->[me.leolin:ShortcutBadger:1.1.22] AndroidManifest.xml:50:5-89
100-->[me.leolin:ShortcutBadger:1.1.22] AndroidManifest.xml:50:22-86
101    <uses-permission android:name="com.google.android.finsky.permission.BIND_GET_INSTALL_REFERRER_SERVICE" />
101-->[com.android.installreferrer:installreferrer:1.0] AndroidManifest.xml:9:5-110
101-->[com.android.installreferrer:installreferrer:1.0] AndroidManifest.xml:9:22-107
102
103    <application
104        android:name="android.app.Application"
104-->src/main/AndroidManifest.xml:29:9-42
105        android:appComponentFactory="androidx.core.app.CoreComponentFactory"
105-->[androidx.core:core:1.7.0] AndroidManifest.xml:24:18-86
106        android:extractNativeLibs="false"
107        android:icon="@mipmap/launcher_icon"
107-->src/main/AndroidManifest.xml:33:9-45
108        android:label="Delivery Mall"
108-->src/main/AndroidManifest.xml:30:9-38
109        android:requestLegacyExternalStorage="true"
109-->src/main/AndroidManifest.xml:32:9-52
110        android:supportsRtl="true"
110-->[com.facebook.android:facebook-login:12.1.0] AndroidManifest.xml:28:18-44
111        android:usesCleartextTraffic="true" >
111-->src/main/AndroidManifest.xml:31:9-44
112
113        <!-- Start facebook login related -->
114        <meta-data
114-->src/main/AndroidManifest.xml:37:9-107
115            android:name="com.facebook.sdk.ApplicationId"
115-->src/main/AndroidManifest.xml:37:20-65
116            android:value="@string/facebook_app_id" />
116-->src/main/AndroidManifest.xml:37:66-105
117
118        <activity
118-->src/main/AndroidManifest.xml:38:9-40:48
119            android:name="com.facebook.FacebookActivity"
119-->src/main/AndroidManifest.xml:38:19-63
120            android:configChanges="keyboard|keyboardHidden|screenLayout|screenSize|orientation"
120-->src/main/AndroidManifest.xml:39:13-96
121            android:label="@string/app_name"
121-->src/main/AndroidManifest.xml:40:13-45
122            android:theme="@style/com_facebook_activity_theme" />
122-->[com.facebook.android:facebook-common:12.1.0] AndroidManifest.xml:33:13-63
123        <activity
123-->src/main/AndroidManifest.xml:41:9-50:20
124            android:name="com.facebook.CustomTabActivity"
124-->src/main/AndroidManifest.xml:42:13-58
125            android:exported="true" >
125-->src/main/AndroidManifest.xml:43:13-36
126            <intent-filter>
126-->src/main/AndroidManifest.xml:44:13-49:29
127                <action android:name="android.intent.action.VIEW" />
127-->src/main/AndroidManifest.xml:14:13-65
127-->src/main/AndroidManifest.xml:14:21-62
128
129                <category android:name="android.intent.category.DEFAULT" />
129-->src/main/AndroidManifest.xml:46:17-76
129-->src/main/AndroidManifest.xml:46:27-73
130                <category android:name="android.intent.category.BROWSABLE" />
130-->src/main/AndroidManifest.xml:47:17-78
130-->src/main/AndroidManifest.xml:47:27-75
131
132                <data android:scheme="@string/fb_login_protocol_scheme" />
132-->src/main/AndroidManifest.xml:15:13-44
132-->src/main/AndroidManifest.xml:15:19-41
133            </intent-filter>
134            <intent-filter>
134-->[com.facebook.android:facebook-common:12.1.0] AndroidManifest.xml:39:13-48:29
135                <action android:name="android.intent.action.VIEW" />
135-->src/main/AndroidManifest.xml:14:13-65
135-->src/main/AndroidManifest.xml:14:21-62
136
137                <category android:name="android.intent.category.DEFAULT" />
137-->src/main/AndroidManifest.xml:46:17-76
137-->src/main/AndroidManifest.xml:46:27-73
138                <category android:name="android.intent.category.BROWSABLE" />
138-->src/main/AndroidManifest.xml:47:17-78
138-->src/main/AndroidManifest.xml:47:27-75
139
140                <data
140-->src/main/AndroidManifest.xml:15:13-44
141                    android:host="cct.com.delivery.mall"
142                    android:scheme="fbconnect" />
142-->src/main/AndroidManifest.xml:15:19-41
143            </intent-filter>
144        </activity>
145
146        <!-- end facebook login related -->
147
148        <activity
148-->src/main/AndroidManifest.xml:54:9-97:20
149            android:name="com.delivery.mall.MainActivity"
149-->src/main/AndroidManifest.xml:55:13-41
150            android:configChanges="orientation|keyboardHidden|keyboard|screenSize|smallestScreenSize|locale|layoutDirection|fontScale|screenLayout|density|uiMode"
150-->src/main/AndroidManifest.xml:58:13-163
151            android:hardwareAccelerated="true"
151-->src/main/AndroidManifest.xml:59:13-47
152            android:launchMode="singleTop"
152-->src/main/AndroidManifest.xml:56:13-43
153            android:theme="@style/LaunchTheme"
153-->src/main/AndroidManifest.xml:57:13-47
154            android:windowSoftInputMode="adjustResize" >
154-->src/main/AndroidManifest.xml:60:13-55
155
156            <!--
157                 Specifies an Android theme to apply to this Activity as soon as
158                 the Android process has started. This theme is visible to the user
159                 while the Flutter UI initializes. After that, this theme continues
160                 to determine the Window background behind the Flutter UI.
161            -->
162            <meta-data
162-->src/main/AndroidManifest.xml:65:13-68:17
163                android:name="io.flutter.embedding.android.NormalTheme"
163-->src/main/AndroidManifest.xml:66:15-70
164                android:resource="@style/NormalTheme" />
164-->src/main/AndroidManifest.xml:67:15-52
165            <!--
166                 Displays an Android View that continues showing the launch screen
167                 Drawable until Flutter paints its first frame, then this splash
168                 screen fades out. A splash screen is useful to avoid any visual
169                 gap between the end of Android's launch screen and the painting of
170                 Flutter's first frame.
171            -->
172            <meta-data
172-->src/main/AndroidManifest.xml:74:13-77:17
173                android:name="io.flutter.embedding.android.SplashScreenDrawable"
173-->src/main/AndroidManifest.xml:75:15-79
174                android:resource="@drawable/launch_background" />
174-->src/main/AndroidManifest.xml:76:15-61
175
176            <!-- Firebase notification -->
177            <meta-data
177-->src/main/AndroidManifest.xml:80:13-82:58
178                android:name="com.google.firebase.messaging.default_notification_channel_id"
178-->src/main/AndroidManifest.xml:81:17-93
179                android:value="high_importance_channel" />
179-->src/main/AndroidManifest.xml:82:17-56
180            <meta-data
180-->src/main/AndroidManifest.xml:84:13-86:64
181                android:name="com.google.firebase.messaging.default_notification_icon"
181-->src/main/AndroidManifest.xml:85:17-87
182                android:resource="@mipmap/notification_icon" />
182-->src/main/AndroidManifest.xml:86:17-61
183
184            <intent-filter>
184-->src/main/AndroidManifest.xml:88:13-91:29
185                <action android:name="android.intent.action.MAIN" />
185-->src/main/AndroidManifest.xml:89:17-68
185-->src/main/AndroidManifest.xml:89:25-66
186
187                <category android:name="android.intent.category.LAUNCHER" />
187-->src/main/AndroidManifest.xml:90:17-76
187-->src/main/AndroidManifest.xml:90:27-74
188            </intent-filter>
189            <intent-filter>
189-->src/main/AndroidManifest.xml:93:13-96:29
190                <action android:name="FLUTTER_NOTIFICATION_CLICK" />
190-->src/main/AndroidManifest.xml:94:17-69
190-->src/main/AndroidManifest.xml:94:25-66
191
192                <category android:name="android.intent.category.DEFAULT" />
192-->src/main/AndroidManifest.xml:46:17-76
192-->src/main/AndroidManifest.xml:46:27-73
193            </intent-filter>
194        </activity>
195        <!--
196             Don't delete the meta-data below.
197             This is used by the Flutter tool to generate GeneratedPluginRegistrant.java
198        -->
199        <meta-data
199-->src/main/AndroidManifest.xml:100:9-102:33
200            android:name="flutterEmbedding"
200-->src/main/AndroidManifest.xml:101:13-44
201            android:value="2" />
201-->src/main/AndroidManifest.xml:102:13-30
202        <meta-data
202-->src/main/AndroidManifest.xml:104:9-105:73
203            android:name="com.google.android.geo.API_KEY"
203-->src/main/AndroidManifest.xml:104:20-65
204            android:value="AIzaSyDnDczEoeUwf7bN5b_-223uvrecPVfzggE" />
204-->src/main/AndroidManifest.xml:105:16-71
205
206        <service
206-->[:firebase_messaging] AndroidManifest.xml:12:9-15:72
207            android:name="io.flutter.plugins.firebase.messaging.FlutterFirebaseMessagingBackgroundService"
207-->[:firebase_messaging] AndroidManifest.xml:13:13-107
208            android:exported="false"
208-->[:firebase_messaging] AndroidManifest.xml:14:13-37
209            android:permission="android.permission.BIND_JOB_SERVICE" />
209-->[:firebase_messaging] AndroidManifest.xml:15:13-69
210        <service
210-->[:firebase_messaging] AndroidManifest.xml:16:9-22:19
211            android:name="io.flutter.plugins.firebase.messaging.FlutterFirebaseMessagingService"
211-->[:firebase_messaging] AndroidManifest.xml:17:13-97
212            android:exported="false" >
212-->[:firebase_messaging] AndroidManifest.xml:18:13-37
213            <intent-filter>
213-->[:firebase_messaging] AndroidManifest.xml:19:13-21:29
214                <action android:name="com.google.firebase.MESSAGING_EVENT" />
214-->[:firebase_messaging] AndroidManifest.xml:20:17-78
214-->[:firebase_messaging] AndroidManifest.xml:20:25-75
215            </intent-filter>
216        </service>
217
218        <receiver
218-->[:firebase_messaging] AndroidManifest.xml:24:9-31:20
219            android:name="io.flutter.plugins.firebase.messaging.FlutterFirebaseMessagingReceiver"
219-->[:firebase_messaging] AndroidManifest.xml:25:13-98
220            android:exported="true"
220-->[:firebase_messaging] AndroidManifest.xml:26:13-36
221            android:permission="com.google.android.c2dm.permission.SEND" >
221-->[:firebase_messaging] AndroidManifest.xml:27:13-73
222            <intent-filter>
222-->[:firebase_messaging] AndroidManifest.xml:28:13-30:29
223                <action android:name="com.google.android.c2dm.intent.RECEIVE" />
223-->[:firebase_messaging] AndroidManifest.xml:29:17-81
223-->[:firebase_messaging] AndroidManifest.xml:29:25-78
224            </intent-filter>
225        </receiver>
226
227        <service
227-->[:firebase_messaging] AndroidManifest.xml:33:9-37:19
228            android:name="com.google.firebase.components.ComponentDiscoveryService"
228-->[:firebase_messaging] AndroidManifest.xml:33:18-89
229            android:directBootAware="true"
229-->[com.google.firebase:firebase-common:20.0.0] AndroidManifest.xml:35:13-43
230            android:exported="false" >
230-->[com.google.firebase:firebase-auth-ktx:21.0.1] AndroidManifest.xml:10:13-37
231            <meta-data
231-->[:firebase_messaging] AndroidManifest.xml:34:13-36:85
232                android:name="com.google.firebase.components:io.flutter.plugins.firebase.messaging.FlutterFirebaseAppRegistrar"
232-->[:firebase_messaging] AndroidManifest.xml:35:17-128
233                android:value="com.google.firebase.components.ComponentRegistrar" />
233-->[:firebase_messaging] AndroidManifest.xml:36:17-82
234            <meta-data
234-->[:firebase_crashlytics] AndroidManifest.xml:9:13-11:85
235                android:name="com.google.firebase.components:io.flutter.plugins.firebase.crashlytics.FlutterFirebaseAppRegistrar"
235-->[:firebase_crashlytics] AndroidManifest.xml:10:17-130
236                android:value="com.google.firebase.components.ComponentRegistrar" />
236-->[:firebase_crashlytics] AndroidManifest.xml:11:17-82
237            <meta-data
237-->[:cloud_firestore] AndroidManifest.xml:9:13-11:85
238                android:name="com.google.firebase.components:io.flutter.plugins.firebase.firestore.FlutterFirebaseFirestoreRegistrar"
238-->[:cloud_firestore] AndroidManifest.xml:10:17-134
239                android:value="com.google.firebase.components.ComponentRegistrar" />
239-->[:cloud_firestore] AndroidManifest.xml:11:17-82
240            <meta-data
240-->[:firebase_auth] AndroidManifest.xml:9:13-11:85
241                android:name="com.google.firebase.components:io.flutter.plugins.firebase.auth.FlutterFirebaseAuthRegistrar"
241-->[:firebase_auth] AndroidManifest.xml:10:17-124
242                android:value="com.google.firebase.components.ComponentRegistrar" />
242-->[:firebase_auth] AndroidManifest.xml:11:17-82
243            <meta-data
243-->[:firebase_storage] AndroidManifest.xml:9:13-11:85
244                android:name="com.google.firebase.components:io.flutter.plugins.firebase.storage.FlutterFirebaseAppRegistrar"
244-->[:firebase_storage] AndroidManifest.xml:10:17-126
245                android:value="com.google.firebase.components.ComponentRegistrar" />
245-->[:firebase_storage] AndroidManifest.xml:11:17-82
246            <meta-data
246-->[:firebase_core] AndroidManifest.xml:9:13-11:85
247                android:name="com.google.firebase.components:io.flutter.plugins.firebase.core.FlutterFirebaseCoreRegistrar"
247-->[:firebase_core] AndroidManifest.xml:10:17-124
248                android:value="com.google.firebase.components.ComponentRegistrar" />
248-->[:firebase_core] AndroidManifest.xml:11:17-82
249            <meta-data
249-->[com.google.firebase:firebase-auth-ktx:21.0.1] AndroidManifest.xml:11:13-13:85
250                android:name="com.google.firebase.components:com.google.firebase.auth.ktx.FirebaseAuthKtxRegistrar"
250-->[com.google.firebase:firebase-auth-ktx:21.0.1] AndroidManifest.xml:12:17-116
251                android:value="com.google.firebase.components.ComponentRegistrar" />
251-->[com.google.firebase:firebase-auth-ktx:21.0.1] AndroidManifest.xml:13:17-82
252            <meta-data
252-->[com.google.firebase:firebase-messaging-ktx:23.0.0] AndroidManifest.xml:29:13-31:85
253                android:name="com.google.firebase.components:com.google.firebase.messaging.ktx.FirebaseMessagingKtxRegistrar"
253-->[com.google.firebase:firebase-messaging-ktx:23.0.0] AndroidManifest.xml:30:17-126
254                android:value="com.google.firebase.components.ComponentRegistrar" />
254-->[com.google.firebase:firebase-messaging-ktx:23.0.0] AndroidManifest.xml:31:17-82
255            <meta-data
255-->[com.google.firebase:firebase-common-ktx:20.0.0] AndroidManifest.xml:15:13-17:85
256                android:name="com.google.firebase.components:com.google.firebase.ktx.FirebaseCommonKtxRegistrar"
256-->[com.google.firebase:firebase-common-ktx:20.0.0] AndroidManifest.xml:16:17-113
257                android:value="com.google.firebase.components.ComponentRegistrar" />
257-->[com.google.firebase:firebase-common-ktx:20.0.0] AndroidManifest.xml:17:17-82
258            <meta-data
258-->[com.google.firebase:firebase-firestore:24.0.1] AndroidManifest.xml:20:13-22:85
259                android:name="com.google.firebase.components:com.google.firebase.firestore.FirestoreRegistrar"
259-->[com.google.firebase:firebase-firestore:24.0.1] AndroidManifest.xml:21:17-111
260                android:value="com.google.firebase.components.ComponentRegistrar" />
260-->[com.google.firebase:firebase-firestore:24.0.1] AndroidManifest.xml:22:17-82
261            <meta-data
261-->[com.google.firebase:firebase-auth:21.0.1] AndroidManifest.xml:77:13-79:85
262                android:name="com.google.firebase.components:com.google.firebase.auth.FirebaseAuthRegistrar"
262-->[com.google.firebase:firebase-auth:21.0.1] AndroidManifest.xml:78:17-109
263                android:value="com.google.firebase.components.ComponentRegistrar" />
263-->[com.google.firebase:firebase-auth:21.0.1] AndroidManifest.xml:79:17-82
264            <meta-data
264-->[com.google.firebase:firebase-messaging:23.0.0] AndroidManifest.xml:52:13-54:85
265                android:name="com.google.firebase.components:com.google.firebase.messaging.FirebaseMessagingRegistrar"
265-->[com.google.firebase:firebase-messaging:23.0.0] AndroidManifest.xml:53:17-119
266                android:value="com.google.firebase.components.ComponentRegistrar" />
266-->[com.google.firebase:firebase-messaging:23.0.0] AndroidManifest.xml:54:17-82
267            <meta-data
267-->[com.google.firebase:firebase-crashlytics:18.2.7] AndroidManifest.xml:18:13-20:85
268                android:name="com.google.firebase.components:com.google.firebase.crashlytics.CrashlyticsRegistrar"
268-->[com.google.firebase:firebase-crashlytics:18.2.7] AndroidManifest.xml:19:17-115
269                android:value="com.google.firebase.components.ComponentRegistrar" />
269-->[com.google.firebase:firebase-crashlytics:18.2.7] AndroidManifest.xml:20:17-82
270            <meta-data
270-->[com.google.firebase:firebase-storage:20.0.0] AndroidManifest.xml:33:13-35:85
271                android:name="com.google.firebase.components:com.google.firebase.storage.StorageRegistrar"
271-->[com.google.firebase:firebase-storage:20.0.0] AndroidManifest.xml:34:17-107
272                android:value="com.google.firebase.components.ComponentRegistrar" />